[07-Sep-2016 18:41:03 PRC] XDebug could not open the remote debug file '/private/var/log/apache2/xdebug.log'.
[08-Sep-2016 15:36:42 PRC] XDebug could not open the remote debug file '/private/var/log/apache2/xdebug.log'.
[08-Sep-2016 15:36:51 PRC] XDebug could not open the remote debug file '/private/var/log/apache2/xdebug.log'.
[08-Sep-2016 15:37:16 PRC] XDebug could not open the remote debug file '/private/var/log/apache2/xdebug.log'.
[08-Sep-2016 15:39:07 PRC] XDebug could not open the remote debug file '/private/var/log/apache2/xdebug.log'.
[08-Sep-2016 15:39:45 PRC] XDebug could not open the remote debug file '/private/var/log/apache2/xdebug.log'.
[09-Sep-2016 14:06:55 PRC] XDebug could not open the remote debug file '/private/var/log/apache2/xdebug.log'.
[09-Sep-2016 14:07:05 PRC] XDebug could not open the remote debug file '/private/var/log/apache2/xdebug.log'.
[09-Sep-2016 14:07:05 PRC] PHP Notice:  Use of undefined constant method - assumed 'method' in /Users/gaosheng/project/test/function.php on line 19
[09-Sep-2016 14:07:05 PRC] PHP Stack trace:
[09-Sep-2016 14:07:05 PRC] PHP   1. {main}() /Users/gaosheng/project/test/function.php:0
[09-Sep-2016 14:07:40 PRC] XDebug could not open the remote debug file '/private/var/log/apache2/xdebug.log'.
[09-Sep-2016 14:07:50 PRC] XDebug could not open the remote debug file '/private/var/log/apache2/xdebug.log'.
[09-Sep-2016 14:09:00 PRC] XDebug could not open the remote debug file '/private/var/log/apache2/xdebug.log'.
[09-Sep-2016 14:09:00 PRC] PHP Fatal error:  Call to undefined function type() in /Users/gaosheng/project/test/function.php on line 19
[09-Sep-2016 14:09:00 PRC] PHP Stack trace:
[09-Sep-2016 14:09:00 PRC] PHP   1. {main}() /Users/gaosheng/project/test/function.php:0
[09-Sep-2016 14:10:31 PRC] XDebug could not open the remote debug file '/private/var/log/apache2/xdebug.log'.
[09-Sep-2016 14:10:41 PRC] XDebug could not open the remote debug file '/private/var/log/apache2/xdebug.log'.
[09-Sep-2016 14:13:15 PRC] XDebug could not open the remote debug file '/private/var/log/apache2/xdebug.log'.
[09-Sep-2016 14:13:41 PRC] XDebug could not open the remote debug file '/private/var/log/apache2/xdebug.log'.
[09-Sep-2016 14:14:03 PRC] XDebug could not open the remote debug file '/private/var/log/apache2/xdebug.log'.
[09-Sep-2016 14:14:03 PRC] PHP Catchable fatal error:  Object of class Closure could not be converted to string in /Users/gaosheng/project/test/function.php on line 21
[09-Sep-2016 14:14:03 PRC] PHP Stack trace:
[09-Sep-2016 14:14:03 PRC] PHP   1. {main}() /Users/gaosheng/project/test/function.php:0
[09-Sep-2016 14:14:17 PRC] XDebug could not open the remote debug file '/private/var/log/apache2/xdebug.log'.
[09-Sep-2016 14:25:50 PRC] XDebug could not open the remote debug file '/private/var/log/apache2/xdebug.log'.
[09-Sep-2016 14:25:50 PRC] PHP Warning:  Missing argument 1 for {closure}(), called in /Users/gaosheng/project/test/function.php on line 34 and defined in /Users/gaosheng/project/test/function.php on line 14
[09-Sep-2016 14:25:50 PRC] PHP Stack trace:
[09-Sep-2016 14:25:50 PRC] PHP   1. {main}() /Users/gaosheng/project/test/function.php:0
[09-Sep-2016 14:25:50 PRC] PHP   2. {closure:/Users/gaosheng/project/test/function.php:14-29}() /Users/gaosheng/project/test/function.php:34
[09-Sep-2016 14:25:50 PRC] PHP Notice:  Undefined variable: rate in /Users/gaosheng/project/test/function.php on line 16
[09-Sep-2016 14:25:50 PRC] PHP Stack trace:
[09-Sep-2016 14:25:50 PRC] PHP   1. {main}() /Users/gaosheng/project/test/function.php:0
[09-Sep-2016 14:25:50 PRC] PHP   2. {closure:/Users/gaosheng/project/test/function.php:14-29}() /Users/gaosheng/project/test/function.php:34
[09-Sep-2016 14:26:08 PRC] XDebug could not open the remote debug file '/private/var/log/apache2/xdebug.log'.
[09-Sep-2016 14:26:24 PRC] XDebug could not open the remote debug file '/private/var/log/apache2/xdebug.log'.
[12-Sep-2016 15:51:07 PRC] XDebug could not open the remote debug file '/private/var/log/apache2/xdebug.log'.
[20-Sep-2016 21:55:30 PRC] XDebug could not open the remote debug file '/private/var/log/apache2/xdebug.log'.
[20-Sep-2016 21:55:37 PRC] XDebug could not open the remote debug file '/private/var/log/apache2/xdebug.log'.
[21-Sep-2016 11:02:38 PRC] XDebug could not open the remote debug file '/private/var/log/apache2/xdebug.log'.
[21-Sep-2016 11:02:38 PRC] PHP Fatal error:  Class 'Memcache' not found in /Users/gaosheng/project/test/test.php on line 23
[21-Sep-2016 11:02:38 PRC] PHP Stack trace:
[21-Sep-2016 11:02:38 PRC] PHP   1. {main}() /Users/gaosheng/project/test/test.php:0
[21-Sep-2016 11:04:08 PRC] XDebug could not open the remote debug file '/private/var/log/apache2/xdebug.log'.
[21-Sep-2016 11:04:08 PRC] PHP Fatal error:  Class 'Memcache' not found in /Users/gaosheng/project/test/test.php on line 23
[21-Sep-2016 11:04:08 PRC] PHP Stack trace:
[21-Sep-2016 11:04:08 PRC] PHP   1. {main}() /Users/gaosheng/project/test/test.php:0
[21-Sep-2016 11:04:14 PRC] XDebug could not open the remote debug file '/private/var/log/apache2/xdebug.log'.
[21-Sep-2016 11:06:07 PRC] XDebug could not open the remote debug file '/private/var/log/apache2/xdebug.log'.
[21-Sep-2016 11:06:07 PRC] PHP Fatal error:  Class 'Memcache' not found in /Users/gaosheng/project/test/test.php on line 27
[21-Sep-2016 11:06:07 PRC] PHP Stack trace:
[21-Sep-2016 11:06:07 PRC] PHP   1. {main}() /Users/gaosheng/project/test/test.php:0
[21-Sep-2016 11:08:04 PRC] XDebug could not open the remote debug file '/private/var/log/apache2/xdebug.log'.
[21-Sep-2016 11:08:04 PRC] PHP Fatal error:  Class 'Memcache' not found in /Users/gaosheng/project/test/test.php on line 27
[21-Sep-2016 11:08:04 PRC] PHP Stack trace:
[21-Sep-2016 11:08:04 PRC] PHP   1. {main}() /Users/gaosheng/project/test/test.php:0
[21-Sep-2016 11:24:45 PRC] XDebug could not open the remote debug file '/private/var/log/apache2/xdebug.log'.
[21-Sep-2016 22:52:55 PRC] XDebug could not open the remote debug file '/private/var/log/apache2/xdebug.log'.
[21-Sep-2016 22:53:17 PRC] XDebug could not open the remote debug file '/private/var/log/apache2/xdebug.log'.
[21-Sep-2016 22:53:45 PRC] XDebug could not open the remote debug file '/private/var/log/apache2/xdebug.log'.
[21-Sep-2016 22:53:57 PRC] XDebug could not open the remote debug file '/private/var/log/apache2/xdebug.log'.
[21-Sep-2016 22:53:58 PRC] XDebug could not open the remote debug file '/private/var/log/apache2/xdebug.log'.
[21-Sep-2016 22:54:24 PRC] XDebug could not open the remote debug file '/private/var/log/apache2/xdebug.log'.
[21-Sep-2016 22:54:55 PRC] XDebug could not open the remote debug file '/private/var/log/apache2/xdebug.log'.
[21-Sep-2016 22:55:33 PRC] XDebug could not open the remote debug file '/private/var/log/apache2/xdebug.log'.
[21-Sep-2016 22:57:07 PRC] XDebug could not open the remote debug file '/private/var/log/apache2/xdebug.log'.
[21-Sep-2016 22:57:10 PRC] XDebug could not open the remote debug file '/private/var/log/apache2/xdebug.log'.
[21-Sep-2016 23:08:13 PRC] XDebug could not open the remote debug file '/private/var/log/apache2/xdebug.log'.
[21-Sep-2016 23:08:15 PRC] XDebug could not open the remote debug file '/private/var/log/apache2/xdebug.log'.
[21-Sep-2016 23:08:16 PRC] XDebug could not open the remote debug file '/private/var/log/apache2/xdebug.log'.
[21-Sep-2016 23:08:53 PRC] XDebug could not open the remote debug file '/private/var/log/apache2/xdebug.log'.
[21-Sep-2016 23:08:53 PRC] PHP Warning:  memcache_add() expects parameter 1 to be MemcachePool, string given in /Users/gaosheng/project/test/test.php on line 7
[21-Sep-2016 23:08:53 PRC] PHP Stack trace:
[21-Sep-2016 23:08:53 PRC] PHP   1. {main}() /Users/gaosheng/project/test/test.php:0
[21-Sep-2016 23:08:53 PRC] PHP   2. memcache_add() /Users/gaosheng/project/test/test.php:7
[21-Sep-2016 23:10:48 PRC] XDebug could not open the remote debug file '/private/var/log/apache2/xdebug.log'.
[21-Sep-2016 23:11:01 PRC] XDebug could not open the remote debug file '/private/var/log/apache2/xdebug.log'.
[21-Sep-2016 23:11:18 PRC] XDebug could not open the remote debug file '/private/var/log/apache2/xdebug.log'.
[21-Sep-2016 23:11:33 PRC] XDebug could not open the remote debug file '/private/var/log/apache2/xdebug.log'.
[22-Sep-2016 09:55:00 PRC] XDebug could not open the remote debug file '/private/var/log/apache2/xdebug.log'.
[22-Sep-2016 10:04:15 PRC] XDebug could not open the remote debug file '/private/var/log/apache2/xdebug.log'.
[22-Sep-2016 10:04:15 PRC] PHP Notice:  Memcache::connect(): Server 127.0.0.1 (tcp 11211) failed with: Connection refused (61) in /Users/gaosheng/project/test/test.php on line 6
[22-Sep-2016 10:04:15 PRC] PHP Stack trace:
[22-Sep-2016 10:04:15 PRC] PHP   1. {main}() /Users/gaosheng/project/test/test.php:0
[22-Sep-2016 10:04:15 PRC] PHP   2. Memcache->connect() /Users/gaosheng/project/test/test.php:6
[22-Sep-2016 10:04:15 PRC] PHP Warning:  Memcache::connect(): Can't connect to 127.0.0.1:11211, Connection refused (61) in /Users/gaosheng/project/test/test.php on line 6
[22-Sep-2016 10:04:15 PRC] PHP Stack trace:
[22-Sep-2016 10:04:15 PRC] PHP   1. {main}() /Users/gaosheng/project/test/test.php:0
[22-Sep-2016 10:04:15 PRC] PHP   2. Memcache->connect() /Users/gaosheng/project/test/test.php:6
[22-Sep-2016 10:04:15 PRC] PHP Warning:  memcache_get(): No servers added to memcache connection in /Users/gaosheng/project/test/test.php on line 8
[22-Sep-2016 10:04:15 PRC] PHP Stack trace:
[22-Sep-2016 10:04:15 PRC] PHP   1. {main}() /Users/gaosheng/project/test/test.php:0
[22-Sep-2016 10:04:15 PRC] PHP   2. memcache_get() /Users/gaosheng/project/test/test.php:8
[22-Sep-2016 10:04:47 PRC] XDebug could not open the remote debug file '/private/var/log/apache2/xdebug.log'.
[22-Sep-2016 10:05:32 PRC] XDebug could not open the remote debug file '/private/var/log/apache2/xdebug.log'.
[22-Sep-2016 10:05:32 PRC] PHP Fatal error:  Call to undefined function memcached_save() in /Users/gaosheng/project/test/test.php on line 7
[22-Sep-2016 10:05:32 PRC] PHP Stack trace:
[22-Sep-2016 10:05:32 PRC] PHP   1. {main}() /Users/gaosheng/project/test/test.php:0
[22-Sep-2016 10:06:15 PRC] XDebug could not open the remote debug file '/private/var/log/apache2/xdebug.log'.
[22-Sep-2016 14:50:27 PRC] XDebug could not open the remote debug file '/private/var/log/apache2/xdebug.log'.
[22-Sep-2016 14:50:42 PRC] XDebug could not open the remote debug file '/private/var/log/apache2/xdebug.log'.
[22-Sep-2016 14:57:26 PRC] XDebug could not open the remote debug file '/private/var/log/apache2/xdebug.log'.
[22-Sep-2016 14:57:29 PRC] XDebug could not open the remote debug file '/private/var/log/apache2/xdebug.log'.
[22-Sep-2016 14:57:30 PRC] XDebug could not open the remote debug file '/private/var/log/apache2/xdebug.log'.
[23-Sep-2016 10:53:10 PRC] PHP Parse error:  parse error, expecting `')'' in /Users/gaosheng/project/test/function.php on line 67
[23-Sep-2016 10:56:05 PRC] XDebug could not open the remote debug file '/private/var/log/apache2/xdebug.log'.
[23-Sep-2016 10:56:05 PRC] PHP Notice:  Undefined variable: arr in /Users/gaosheng/project/test/function.php on line 40
[23-Sep-2016 10:56:05 PRC] PHP Stack trace:
[23-Sep-2016 10:56:05 PRC] PHP   1. {main}() /Users/gaosheng/project/test/function.php:0
[23-Sep-2016 10:56:05 PRC] PHP Notice:  Undefined variable: arr in /Users/gaosheng/project/test/function.php on line 41
[23-Sep-2016 10:56:05 PRC] PHP Stack trace:
[23-Sep-2016 10:56:05 PRC] PHP   1. {main}() /Users/gaosheng/project/test/function.php:0
[23-Sep-2016 10:56:05 PRC] PHP Fatal error:  Function name must be a string in /Users/gaosheng/project/test/function.php on line 41
[23-Sep-2016 10:56:05 PRC] PHP Stack trace:
[23-Sep-2016 10:56:05 PRC] PHP   1. {main}() /Users/gaosheng/project/test/function.php:0
[23-Sep-2016 10:56:49 PRC] XDebug could not open the remote debug file '/private/var/log/apache2/xdebug.log'.
[23-Sep-2016 10:56:49 PRC] PHP Fatal error:  Using $this when not in object context in /Users/gaosheng/project/test/function.php on line 22
[23-Sep-2016 10:56:49 PRC] PHP Stack trace:
[23-Sep-2016 10:56:49 PRC] PHP   1. {main}() /Users/gaosheng/project/test/function.php:0
[23-Sep-2016 10:56:49 PRC] PHP   2. {closure:/Users/gaosheng/project/test/function.php:21-34}() /Users/gaosheng/project/test/function.php:42
[23-Sep-2016 10:57:27 PRC] XDebug could not open the remote debug file '/private/var/log/apache2/xdebug.log'.
[23-Sep-2016 10:57:27 PRC] PHP Notice:  Trying to get property of non-object in /Users/gaosheng/project/test/function.php on line 22
[23-Sep-2016 10:57:27 PRC] PHP Stack trace:
[23-Sep-2016 10:57:27 PRC] PHP   1. {main}() /Users/gaosheng/project/test/function.php:0
[23-Sep-2016 10:57:27 PRC] PHP   2. {closure:/Users/gaosheng/project/test/function.php:21-34}() /Users/gaosheng/project/test/function.php:42
[23-Sep-2016 10:57:27 PRC] PHP Fatal error:  Call to a member function item() on a non-object in /Users/gaosheng/project/test/function.php on line 22
[23-Sep-2016 10:57:27 PRC] PHP Stack trace:
[23-Sep-2016 10:57:27 PRC] PHP   1. {main}() /Users/gaosheng/project/test/function.php:0
[23-Sep-2016 10:57:27 PRC] PHP   2. {closure:/Users/gaosheng/project/test/function.php:21-34}() /Users/gaosheng/project/test/function.php:42
[23-Sep-2016 10:57:59 PRC] XDebug could not open the remote debug file '/private/var/log/apache2/xdebug.log'.
[23-Sep-2016 10:57:59 PRC] PHP Fatal error:  Call to a member function item() on a non-object in /Users/gaosheng/project/test/function.php on line 22
[23-Sep-2016 10:57:59 PRC] PHP Stack trace:
[23-Sep-2016 10:57:59 PRC] PHP   1. {main}() /Users/gaosheng/project/test/function.php:0
[23-Sep-2016 10:57:59 PRC] PHP   2. {closure:/Users/gaosheng/project/test/function.php:21-34}() /Users/gaosheng/project/test/function.php:42
[23-Sep-2016 10:59:15 PRC] XDebug could not open the remote debug file '/private/var/log/apache2/xdebug.log'.
[23-Sep-2016 10:59:15 PRC] PHP Notice:  Undefined index: project_status in /Users/gaosheng/project/test/function.php on line 40
[23-Sep-2016 10:59:15 PRC] PHP Stack trace:
[23-Sep-2016 10:59:15 PRC] PHP   1. {main}() /Users/gaosheng/project/test/function.php:0
[23-Sep-2016 10:59:15 PRC] PHP Warning:  Invalid argument supplied for foreach() in /Users/gaosheng/project/test/function.php on line 25
[23-Sep-2016 10:59:15 PRC] PHP Stack trace:
[23-Sep-2016 10:59:15 PRC] PHP   1. {main}() /Users/gaosheng/project/test/function.php:0
[23-Sep-2016 10:59:15 PRC] PHP   2. {closure:/Users/gaosheng/project/test/function.php:21-32}() /Users/gaosheng/project/test/function.php:40
[23-Sep-2016 10:59:57 PRC] XDebug could not open the remote debug file '/private/var/log/apache2/xdebug.log'.
[25-Sep-2016 17:20:49 PRC] XDebug could not open the remote debug file '/private/var/log/apache2/xdebug.log'.
[25-Sep-2016 17:33:16 PRC] XDebug could not open the remote debug file '/private/var/log/apache2/xdebug.log'.
[10-Oct-2016 17:54:32 PRC] PHP Notice:  Use of undefined constant index - assumed 'index' in /Users/gaosheng/project/test/test.php on line 18
[10-Oct-2016 17:54:32 PRC] PHP Stack trace:
[10-Oct-2016 17:54:32 PRC] PHP   1. {main}() /Users/gaosheng/project/test/test.php:0
[11-Oct-2016 12:03:21 PRC] PHP Warning:  call_user_func_array() expects parameter 1 to be a valid callback, no array or string given in /Users/gaosheng/project/test/function.php on line 19
[11-Oct-2016 12:03:21 PRC] PHP Stack trace:
[11-Oct-2016 12:03:21 PRC] PHP   1. {main}() /Users/gaosheng/project/test/function.php:0
[11-Oct-2016 12:03:21 PRC] PHP   2. call_user_func_array:{/Users/gaosheng/project/test/function.php:19}() /Users/gaosheng/project/test/function.php:19
[11-Oct-2016 12:10:54 PRC] PHP Warning:  Missing argument 2 for getArgs() in /Users/gaosheng/project/test/function.php on line 3
[11-Oct-2016 12:10:54 PRC] PHP Stack trace:
[11-Oct-2016 12:10:54 PRC] PHP   1. {main}() /Users/gaosheng/project/test/function.php:0
[11-Oct-2016 12:10:54 PRC] PHP   2. call_user_func:{/Users/gaosheng/project/test/function.php:24}() /Users/gaosheng/project/test/function.php:24
[11-Oct-2016 12:10:54 PRC] PHP   3. getArgs() /Users/gaosheng/project/test/function.php:24
[11-Oct-2016 12:10:54 PRC] PHP Warning:  Missing argument 3 for getArgs() in /Users/gaosheng/project/test/function.php on line 3
[11-Oct-2016 12:10:54 PRC] PHP Stack trace:
[11-Oct-2016 12:10:54 PRC] PHP   1. {main}() /Users/gaosheng/project/test/function.php:0
[11-Oct-2016 12:10:54 PRC] PHP   2. call_user_func:{/Users/gaosheng/project/test/function.php:24}() /Users/gaosheng/project/test/function.php:24
[11-Oct-2016 12:10:54 PRC] PHP   3. getArgs() /Users/gaosheng/project/test/function.php:24
[11-Oct-2016 12:10:54 PRC] PHP Warning:  Missing argument 4 for getArgs() in /Users/gaosheng/project/test/function.php on line 3
[11-Oct-2016 12:10:54 PRC] PHP Stack trace:
[11-Oct-2016 12:10:54 PRC] PHP   1. {main}() /Users/gaosheng/project/test/function.php:0
[11-Oct-2016 12:10:54 PRC] PHP   2. call_user_func:{/Users/gaosheng/project/test/function.php:24}() /Users/gaosheng/project/test/function.php:24
[11-Oct-2016 12:10:54 PRC] PHP   3. getArgs() /Users/gaosheng/project/test/function.php:24
[11-Oct-2016 12:11:26 PRC] PHP Warning:  Missing argument 2 for getArgs() in /Users/gaosheng/project/test/function.php on line 3
[11-Oct-2016 12:11:26 PRC] PHP Stack trace:
[11-Oct-2016 12:11:26 PRC] PHP   1. {main}() /Users/gaosheng/project/test/function.php:0
[11-Oct-2016 12:11:26 PRC] PHP   2. call_user_func:{/Users/gaosheng/project/test/function.php:24}() /Users/gaosheng/project/test/function.php:24
[11-Oct-2016 12:11:26 PRC] PHP   3. getArgs() /Users/gaosheng/project/test/function.php:24
[11-Oct-2016 12:11:26 PRC] PHP Warning:  Missing argument 3 for getArgs() in /Users/gaosheng/project/test/function.php on line 3
[11-Oct-2016 12:11:26 PRC] PHP Stack trace:
[11-Oct-2016 12:11:26 PRC] PHP   1. {main}() /Users/gaosheng/project/test/function.php:0
[11-Oct-2016 12:11:26 PRC] PHP   2. call_user_func:{/Users/gaosheng/project/test/function.php:24}() /Users/gaosheng/project/test/function.php:24
[11-Oct-2016 12:11:26 PRC] PHP   3. getArgs() /Users/gaosheng/project/test/function.php:24
[11-Oct-2016 12:11:26 PRC] PHP Warning:  Missing argument 4 for getArgs() in /Users/gaosheng/project/test/function.php on line 3
[11-Oct-2016 12:11:26 PRC] PHP Stack trace:
[11-Oct-2016 12:11:26 PRC] PHP   1. {main}() /Users/gaosheng/project/test/function.php:0
[11-Oct-2016 12:11:26 PRC] PHP   2. call_user_func:{/Users/gaosheng/project/test/function.php:24}() /Users/gaosheng/project/test/function.php:24
[11-Oct-2016 12:11:26 PRC] PHP   3. getArgs() /Users/gaosheng/project/test/function.php:24
[11-Oct-2016 14:06:01 PRC] PHP Warning:  ReflectionFunction::invokeArgs() expects exactly 1 parameter, 0 given in /Users/gaosheng/project/test/function.php on line 24
[11-Oct-2016 14:06:01 PRC] PHP Stack trace:
[11-Oct-2016 14:06:01 PRC] PHP   1. {main}() /Users/gaosheng/project/test/function.php:0
[11-Oct-2016 14:06:01 PRC] PHP   2. ReflectionFunction->invokeArgs() /Users/gaosheng/project/test/function.php:24
[11-Oct-2016 14:12:44 PRC] PHP Warning:  ReflectionObject::__construct() expects parameter 1 to be object, string given in /Users/gaosheng/project/test/function.php on line 19
[11-Oct-2016 14:12:44 PRC] PHP Stack trace:
[11-Oct-2016 14:12:44 PRC] PHP   1. {main}() /Users/gaosheng/project/test/function.php:0
[11-Oct-2016 14:12:44 PRC] PHP   2. ReflectionObject->__construct() /Users/gaosheng/project/test/function.php:19
[11-Oct-2016 16:03:47 PRC] PHP Warning:  preg_match(): Unknown modifier ']' in /Users/gaosheng/project/test/regexp.php on line 6
[11-Oct-2016 16:03:47 PRC] PHP Stack trace:
[11-Oct-2016 16:03:47 PRC] PHP   1. {main}() /Users/gaosheng/project/test/regexp.php:0
[11-Oct-2016 16:03:47 PRC] PHP   2. preg_match() /Users/gaosheng/project/test/regexp.php:6
[11-Oct-2016 16:07:08 PRC] PHP Warning:  preg_match(): Unknown modifier '(' in /Users/gaosheng/project/test/regexp.php on line 6
[11-Oct-2016 16:07:08 PRC] PHP Stack trace:
[11-Oct-2016 16:07:08 PRC] PHP   1. {main}() /Users/gaosheng/project/test/regexp.php:0
[11-Oct-2016 16:07:08 PRC] PHP   2. preg_match() /Users/gaosheng/project/test/regexp.php:6
[11-Oct-2016 16:07:22 PRC] PHP Warning:  preg_match(): Unknown modifier ')' in /Users/gaosheng/project/test/regexp.php on line 6
[11-Oct-2016 16:07:22 PRC] PHP Stack trace:
[11-Oct-2016 16:07:22 PRC] PHP   1. {main}() /Users/gaosheng/project/test/regexp.php:0
[11-Oct-2016 16:07:22 PRC] PHP   2. preg_match() /Users/gaosheng/project/test/regexp.php:6
[11-Oct-2016 16:07:49 PRC] PHP Warning:  preg_match(): Unknown modifier '/' in /Users/gaosheng/project/test/regexp.php on line 6
[11-Oct-2016 16:07:49 PRC] PHP Stack trace:
[11-Oct-2016 16:07:49 PRC] PHP   1. {main}() /Users/gaosheng/project/test/regexp.php:0
[11-Oct-2016 16:07:49 PRC] PHP   2. preg_match() /Users/gaosheng/project/test/regexp.php:6
